<?xml version="1.0" encoding="UTF-8"?>
<testng-results skipped="0" failed="0" total="1" passed="1">
  <reporter-output>
  </reporter-output>
  <suite name="Default suite" duration-ms="128877" started-at="2019-10-29T19:15:15Z" finished-at="2019-10-29T19:17:24Z">
    <groups>
    </groups>
    <test name="Default test" duration-ms="128877" started-at="2019-10-29T19:15:15Z" finished-at="2019-10-29T19:17:24Z">
      <class name="com.training.sanity.tests.AddUserTests">
        <test-method status="PASS" signature="setUpBeforeClass()[pri:0, instance:com.training.sanity.tests.AddUserTests@4d49af10]" name="setUpBeforeClass" is-config="true" duration-ms="4348" started-at="2019-10-30T00:45:15Z" finished-at="2019-10-30T00:45:20Z">
          <reporter-output>
          </reporter-output>
        </test-method> <!-- setUpBeforeClass -->
        <test-method status="PASS" signature="setUp()[pri:0, instance:com.training.sanity.tests.AddUserTests@4d49af10]" name="setUp" is-config="true" duration-ms="16436" started-at="2019-10-30T00:45:21Z" finished-at="2019-10-30T00:45:37Z">
          <reporter-output>
          </reporter-output>
        </test-method> <!-- setUp -->
        <test-method status="PASS" signature="testMethod1(java.lang.String, java.lang.String)[pri:0, instance:com.training.sanity.tests.AddUserTests@4d49af10]" name="testMethod1" duration-ms="103117" started-at="2019-10-30T00:45:37Z" data-provider="inputs" finished-at="2019-10-30T00:47:20Z">
          <params>
            <param index="0">
              <value>
                <![CDATA[admin]]>
              </value>
            </param>
            <param index="1">
              <value>
                <![CDATA[admin@123]]>
              </value>
            </param>
          </params>
          <reporter-output>
          </reporter-output>
        </test-method> <!-- testMethod1 -->
        <test-method status="PASS" signature="tearDown()[pri:0, instance:com.training.sanity.tests.AddUserTests@4d49af10]" name="tearDown" is-config="true" duration-ms="3749" started-at="2019-10-30T00:47:20Z" finished-at="2019-10-30T00:47:24Z">
          <reporter-output>
          </reporter-output>
        </test-method> <!-- tearDown -->
      </class> <!-- com.training.sanity.tests.AddUserTests -->
    </test> <!-- Default test -->
  </suite> <!-- Default suite -->
</testng-results>
